C51 COMPILER V9.60.7.0   ADC0804                                                           07/27/2023 17:56:28 PAGE 1   


C51 COMPILER V9.60.7.0, COMPILATION OF MODULE ADC0804
OBJECT MODULE PLACED IN .\Objects\ADC0804.obj
COMPILER INVOKED BY: C:\Keil_v5\C51\BIN\C51.EXE ADC0804.c OPTIMIZE(8,SPEED) BROWSE DEBUG OBJECTEXTEND PRINT(.\Listings\A
                    -DC0804.lst) OBJECT(.\Objects\ADC0804.obj)

line level    source

   1          #include <STC89C5xRC.H>
   2          #include <intrins.h>
   3          #include "delay.h"
   4          
   5          #define CS P32
   6          #define RD P33
   7          #define WR P34
   8          #define INTR P35
   9          
  10          #define buffer P2
  11          
  12          unsigned char ADCRead() {
  13   1          CS = 0;                 //chipselect is on now --It is active low pin
  14   1          WR = 0;                 // write is enabled --It is also active low
  15   1          // delay(1);
  16   1          WR = 1;                       //start conversion analog to digital
  17   1          RD = 1;                        
  18   1          while(INTR == 1);            //The looop runs until intr =  = 1 and 
  19   1                                    //when intr =  = 0 it jumps to next iteration
  20   1          RD = 0;                     //read the digital output from adc
  21   1          return buffer;
  22   1      }


MODULE INFORMATION:   STATIC OVERLAYABLE
   CODE SIZE        =     16    ----
   CONSTANT SIZE    =   ----    ----
   XDATA SIZE       =   ----    ----
   PDATA SIZE       =   ----    ----
   DATA SIZE        =   ----    ----
   IDATA SIZE       =   ----    ----
   BIT SIZE         =   ----    ----
END OF MODULE INFORMATION.


C51 COMPILATION COMPLETE.  0 WARNING(S),  0 ERROR(S)
